<?xml version="1.0" encoding="UTF-8"?>
<!-- Generated by org.testng.reporters.JUnitXMLReporter -->
<testsuite ignored="0" hostname="Navi-Laptop" failures="0" tests="3" name="Test" time="21.381" errors="0" timestamp="2021-11-02T11:00:07 IST">
  <testcase classname="com.java.pro.JavaSelenium.Testng1" name="testScrollAndClick" time="16.046"/>
  <testcase classname="com.java.pro.JavaSelenium.Testng2" name="amazonTestScrollAndClick" time="16.935"/>
  <testcase classname="com.java.pro.JavaSelenium.Testng1" name="logoTest" time="3.732"/>
</testsuite> <!-- Test -->
