<?xml version="1.0" encoding="UTF-8"?>
<testng-results ignored="0" total="2" passed="2" failed="0" skipped="0">
  <reporter-output>
  </reporter-output>
  <suite started-at="2021-11-02T15:22:04 IST" name="Default suite" finished-at="2021-11-02T15:22:13 IST" duration-ms="9557">
    <groups>
    </groups>
    <test started-at="2021-11-02T15:22:04 IST" name="Default test" finished-at="2021-11-02T15:22:13 IST" duration-ms="9557">
      <class name="com.java.pro.JavaSelenium.Testng1">
        <test-method is-config="true" signature="launchbrowser()[pri:0, instance:com.java.pro.JavaSelenium.Testng1@505fc5a4]" started-at="2021-11-02T15:22:04 IST" name="launchbrowser" finished-at="2021-11-02T15:22:04 IST" duration-ms="13" status="PASS">
          <reporter-output>
          </reporter-output>
        </test-method> <!-- launchbrowser -->
        <test-method signature="testScrollAndClick()[pri:0, instance:com.java.pro.JavaSelenium.Testng1@505fc5a4]" started-at="2021-11-02T15:22:04 IST" name="testScrollAndClick" finished-at="2021-11-02T15:22:09 IST" duration-ms="5016" status="PASS">
          <reporter-output>
          </reporter-output>
        </test-method> <!-- testScrollAndClick -->
        <test-method is-config="true" signature="launchbrowser()[pri:0, instance:com.java.pro.JavaSelenium.Testng1@505fc5a4]" started-at="2021-11-02T15:22:09 IST" name="launchbrowser" finished-at="2021-11-02T15:22:09 IST" duration-ms="0" status="PASS">
          <reporter-output>
          </reporter-output>
        </test-method> <!-- launchbrowser -->
        <test-method signature="logoTest()[pri:1, instance:com.java.pro.JavaSelenium.Testng1@505fc5a4]" started-at="2021-11-02T15:22:09 IST" name="logoTest" finished-at="2021-11-02T15:22:12 IST" duration-ms="3258" status="PASS">
          <reporter-output>
          </reporter-output>
        </test-method> <!-- logoTest -->
        <test-method is-config="true" signature="termination()[pri:0, instance:com.java.pro.JavaSelenium.Testng1@505fc5a4]" started-at="2021-11-02T15:22:12 IST" name="termination" finished-at="2021-11-02T15:22:13 IST" duration-ms="1180" status="PASS">
          <reporter-output>
          </reporter-output>
        </test-method> <!-- termination -->
      </class> <!-- com.java.pro.JavaSelenium.Testng1 -->
    </test> <!-- Default test -->
  </suite> <!-- Default suite -->
</testng-results>
